<?xml version="1.0" encoding="UTF-8"?>
<testsuite xmlns:xsi="http://www.w3.org/2001/XMLSchema-instance" xsi:noNamespaceSchemaLocation="https://maven.apache.org/surefire/maven-surefire-plugin/xsd/surefire-test-report.xsd" name="com.juliocastro.auth.ContextIntegrationTest" time="8.652" tests="1" errors="0" skipped="0" failures="0">
  <properties>
    <property name="java.specification.version" value="13"/>
    <property name="sun.jnu.encoding" value="UTF-8"/>
    <property name="java.class.path" value="/Users/juliocastro/dev/projects/pessoal/java/oauth-authorization-server/target/test-classes:/Users/juliocastro/dev/projects/pessoal/java/oauth-authorization-server/target/classes:/Users/juliocastro/.m2/repository/org/springframework/boot/spring-boot-starter-web/2.2.6.RELEASE/spring-boot-starter-web-2.2.6.RELEASE.jar:/Users/juliocastro/.m2/repository/org/springframework/boot/spring-boot-starter/2.2.6.RELEASE/spring-boot-starter-2.2.6.RELEASE.jar:/Users/juliocastro/.m2/repository/org/springframework/boot/spring-boot/2.2.6.RELEASE/spring-boot-2.2.6.RELEASE.jar:/Users/juliocastro/.m2/repository/org/springframework/boot/spring-boot-autoconfigure/2.2.6.RELEASE/spring-boot-autoconfigure-2.2.6.RELEASE.jar:/Users/juliocastro/.m2/repository/org/springframework/boot/spring-boot-starter-logging/2.2.6.RELEASE/spring-boot-starter-logging-2.2.6.RELEASE.jar:/Users/juliocastro/.m2/repository/ch/qos/logback/logback-classic/1.2.3/logback-classic-1.2.3.jar:/Users/juliocastro/.m2/repository/ch/qos/logback/logback-core/1.2.3/logback-core-1.2.3.jar:/Users/juliocastro/.m2/repository/org/apache/logging/log4j/log4j-to-slf4j/2.12.1/log4j-to-slf4j-2.12.1.jar:/Users/juliocastro/.m2/repository/org/apache/logging/log4j/log4j-api/2.12.1/log4j-api-2.12.1.jar:/Users/juliocastro/.m2/repository/org/slf4j/jul-to-slf4j/1.7.30/jul-to-slf4j-1.7.30.jar:/Users/juliocastro/.m2/repository/jakarta/annotation/jakarta.annotation-api/1.3.5/jakarta.annotation-api-1.3.5.jar:/Users/juliocastro/.m2/repository/org/yaml/snakeyaml/1.25/snakeyaml-1.25.jar:/Users/juliocastro/.m2/repository/org/springframework/boot/spring-boot-starter-json/2.2.6.RELEASE/spring-boot-starter-json-2.2.6.RELEASE.jar:/Users/juliocastro/.m2/repository/com/fasterxml/jackson/datatype/jackson-datatype-jdk8/2.10.3/jackson-datatype-jdk8-2.10.3.jar:/Users/juliocastro/.m2/repository/com/fasterxml/jackson/datatype/jackson-datatype-jsr310/2.10.3/jackson-datatype-jsr310-2.10.3.jar:/Users/juliocastro/.m2/repository/com/fasterxml/jackson/module/jackson-module-parameter-names/2.10.3/jackson-module-parameter-names-2.10.3.jar:/Users/juliocastro/.m2/repository/org/springframework/boot/spring-boot-starter-tomcat/2.2.6.RELEASE/spring-boot-starter-tomcat-2.2.6.RELEASE.jar:/Users/juliocastro/.m2/repository/org/apache/tomcat/embed/tomcat-embed-core/9.0.33/tomcat-embed-core-9.0.33.jar:/Users/juliocastro/.m2/repository/org/apache/tomcat/embed/tomcat-embed-el/9.0.33/tomcat-embed-el-9.0.33.jar:/Users/juliocastro/.m2/repository/org/apache/tomcat/embed/tomcat-embed-websocket/9.0.33/tomcat-embed-websocket-9.0.33.jar:/Users/juliocastro/.m2/repository/org/springframework/boot/spring-boot-starter-validation/2.2.6.RELEASE/spring-boot-starter-validation-2.2.6.RELEASE.jar:/Users/juliocastro/.m2/repository/jakarta/validation/jakarta.validation-api/2.0.2/jakarta.validation-api-2.0.2.jar:/Users/juliocastro/.m2/repository/org/hibernate/validator/hibernate-validator/6.0.18.Final/hibernate-validator-6.0.18.Final.jar:/Users/juliocastro/.m2/repository/org/springframework/spring-web/5.2.5.RELEASE/spring-web-5.2.5.RELEASE.jar:/Users/juliocastro/.m2/repository/org/springframework/spring-beans/5.2.5.RELEASE/spring-beans-5.2.5.RELEASE.jar:/Users/juliocastro/.m2/repository/org/springframework/spring-webmvc/5.2.5.RELEASE/spring-webmvc-5.2.5.RELEASE.jar:/Users/juliocastro/.m2/repository/org/springframework/spring-aop/5.2.5.RELEASE/spring-aop-5.2.5.RELEASE.jar:/Users/juliocastro/.m2/repository/org/springframework/spring-context/5.2.5.RELEASE/spring-context-5.2.5.RELEASE.jar:/Users/juliocastro/.m2/repository/org/springframework/spring-expression/5.2.5.RELEASE/spring-expression-5.2.5.RELEASE.jar:/Users/juliocastro/.m2/repository/org/springframework/boot/spring-boot-starter-actuator/2.2.6.RELEASE/spring-boot-starter-actuator-2.2.6.RELEASE.jar:/Users/juliocastro/.m2/repository/org/springframework/boot/spring-boot-actuator-autoconfigure/2.2.6.RELEASE/spring-boot-actuator-autoconfigure-2.2.6.RELEASE.jar:/Users/juliocastro/.m2/repository/org/springframework/boot/spring-boot-actuator/2.2.6.RELEASE/spring-boot-actuator-2.2.6.RELEASE.jar:/Users/juliocastro/.m2/repository/io/micrometer/micrometer-core/1.3.6/micrometer-core-1.3.6.jar:/Users/juliocastro/.m2/repository/org/hdrhistogram/HdrHistogram/2.1.11/HdrHistogram-2.1.11.jar:/Users/juliocastro/.m2/repository/org/latencyutils/LatencyUtils/2.0.3/LatencyUtils-2.0.3.jar:/Users/juliocastro/.m2/repository/org/springframework/boot/spring-boot-starter-data-jpa/2.2.6.RELEASE/spring-boot-starter-data-jpa-2.2.6.RELEASE.jar:/Users/juliocastro/.m2/repository/org/springframework/boot/spring-boot-starter-aop/2.2.6.RELEASE/spring-boot-starter-aop-2.2.6.RELEASE.jar:/Users/juliocastro/.m2/repository/org/aspectj/aspectjweaver/1.9.5/aspectjweaver-1.9.5.jar:/Users/juliocastro/.m2/repository/org/springframework/boot/spring-boot-starter-jdbc/2.2.6.RELEASE/spring-boot-starter-jdbc-2.2.6.RELEASE.jar:/Users/juliocastro/.m2/repository/com/zaxxer/HikariCP/3.4.2/HikariCP-3.4.2.jar:/Users/juliocastro/.m2/repository/org/springframework/spring-jdbc/5.2.5.RELEASE/spring-jdbc-5.2.5.RELEASE.jar:/Users/juliocastro/.m2/repository/jakarta/activation/jakarta.activation-api/1.2.2/jakarta.activation-api-1.2.2.jar:/Users/juliocastro/.m2/repository/jakarta/persistence/jakarta.persistence-api/2.2.3/jakarta.persistence-api-2.2.3.jar:/Users/juliocastro/.m2/repository/jakarta/transaction/jakarta.transaction-api/1.3.3/jakarta.transaction-api-1.3.3.jar:/Users/juliocastro/.m2/repository/org/hibernate/hibernate-core/5.4.12.Final/hibernate-core-5.4.12.Final.jar:/Users/juliocastro/.m2/repository/org/javassist/javassist/3.24.0-GA/javassist-3.24.0-GA.jar:/Users/juliocastro/.m2/repository/net/bytebuddy/byte-buddy/1.10.8/byte-buddy-1.10.8.jar:/Users/juliocastro/.m2/repository/antlr/antlr/2.7.7/antlr-2.7.7.jar:/Users/juliocastro/.m2/repository/org/jboss/jandex/2.1.1.Final/jandex-2.1.1.Final.jar:/Users/juliocastro/.m2/repository/com/fasterxml/classmate/1.5.1/classmate-1.5.1.jar:/Users/juliocastro/.m2/repository/org/dom4j/dom4j/2.1.1/dom4j-2.1.1.jar:/Users/juliocastro/.m2/repository/org/hibernate/common/hibernate-commons-annotations/5.1.0.Final/hibernate-commons-annotations-5.1.0.Final.jar:/Users/juliocastro/.m2/repository/org/glassfish/jaxb/jaxb-runtime/2.3.2/jaxb-runtime-2.3.2.jar:/Users/juliocastro/.m2/repository/org/glassfish/jaxb/txw2/2.3.2/txw2-2.3.2.jar:/Users/juliocastro/.m2/repository/com/sun/istack/istack-commons-runtime/3.0.8/istack-commons-runtime-3.0.8.jar:/Users/juliocastro/.m2/repository/org/jvnet/staxex/stax-ex/1.8.1/stax-ex-1.8.1.jar:/Users/juliocastro/.m2/repository/com/sun/xml/fastinfoset/FastInfoset/1.2.16/FastInfoset-1.2.16.jar:/Users/juliocastro/.m2/repository/org/springframework/data/spring-data-jpa/2.2.6.RELEASE/spring-data-jpa-2.2.6.RELEASE.jar:/Users/juliocastro/.m2/repository/org/springframework/data/spring-data-commons/2.2.6.RELEASE/spring-data-commons-2.2.6.RELEASE.jar:/Users/juliocastro/.m2/repository/org/springframework/spring-orm/5.2.5.RELEASE/spring-orm-5.2.5.RELEASE.jar:/Users/juliocastro/.m2/repository/org/springframework/spring-tx/5.2.5.RELEASE/spring-tx-5.2.5.RELEASE.jar:/Users/juliocastro/.m2/repository/org/slf4j/slf4j-api/1.7.30/slf4j-api-1.7.30.jar:/Users/juliocastro/.m2/repository/org/springframework/spring-aspects/5.2.5.RELEASE/spring-aspects-5.2.5.RELEASE.jar:/Users/juliocastro/.m2/repository/mysql/mysql-connector-java/8.0.19/mysql-connector-java-8.0.19.jar:/Users/juliocastro/.m2/repository/org/jboss/resteasy/resteasy-jackson2-provider/3.12.1.Final/resteasy-jackson2-provider-3.12.1.Final.jar:/Users/juliocastro/.m2/repository/com/fasterxml/jackson/core/jackson-core/2.10.3/jackson-core-2.10.3.jar:/Users/juliocastro/.m2/repository/com/fasterxml/jackson/core/jackson-databind/2.10.3/jackson-databind-2.10.3.jar:/Users/juliocastro/.m2/repository/com/fasterxml/jackson/core/jackson-annotations/2.10.3/jackson-annotations-2.10.3.jar:/Users/juliocastro/.m2/repository/com/fasterxml/jackson/jaxrs/jackson-jaxrs-json-provider/2.10.3/jackson-jaxrs-json-provider-2.10.3.jar:/Users/juliocastro/.m2/repository/com/fasterxml/jackson/jaxrs/jackson-jaxrs-base/2.10.3/jackson-jaxrs-base-2.10.3.jar:/Users/juliocastro/.m2/repository/com/fasterxml/jackson/module/jackson-module-jaxb-annotations/2.10.3/jackson-module-jaxb-annotations-2.10.3.jar:/Users/juliocastro/.m2/repository/com/github/fge/json-patch/1.9/json-patch-1.9.jar:/Users/juliocastro/.m2/repository/com/github/fge/jackson-coreutils/1.6/jackson-coreutils-1.6.jar:/Users/juliocastro/.m2/repository/com/github/fge/msg-simple/1.1/msg-simple-1.1.jar:/Users/juliocastro/.m2/repository/com/github/fge/btf/1.2/btf-1.2.jar:/Users/juliocastro/.m2/repository/com/google/guava/guava/28.1-jre/guava-28.1-jre.jar:/Users/juliocastro/.m2/repository/com/google/guava/failureaccess/1.0.1/failureaccess-1.0.1.jar:/Users/juliocastro/.m2/repository/com/google/guava/listenablefuture/9999.0-empty-to-avoid-conflict-with-guava/listenablefuture-9999.0-empty-to-avoid-conflict-with-guava.jar:/Users/juliocastro/.m2/repository/org/checkerframework/checker-qual/2.8.1/checker-qual-2.8.1.jar:/Users/juliocastro/.m2/repository/org/jboss/logging/jboss-logging/3.4.1.Final/jboss-logging-3.4.1.Final.jar:/Users/juliocastro/.m2/repository/org/keycloak/keycloak-common/11.0.2/keycloak-common-11.0.2.jar:/Users/juliocastro/.m2/repository/com/sun/activation/jakarta.activation/1.2.2/jakarta.activation-1.2.2.jar:/Users/juliocastro/.m2/repository/org/keycloak/keycloak-core/11.0.2/keycloak-core-11.0.2.jar:/Users/juliocastro/.m2/repository/org/bouncycastle/bcprov-jdk15on/1.65/bcprov-jdk15on-1.65.jar:/Users/juliocastro/.m2/repository/org/bouncycastle/bcpkix-jdk15on/1.65/bcpkix-jdk15on-1.65.jar:/Users/juliocastro/.m2/repository/org/keycloak/keycloak-services/11.0.2/keycloak-services-11.0.2.jar:/Users/juliocastro/.m2/repository/com/sun/mail/jakarta.mail/1.6.5/jakarta.mail-1.6.5.jar:/Users/juliocastro/.m2/repository/org/glassfish/jakarta.json/1.1.6/jakarta.json-1.1.6.jar:/Users/juliocastro/.m2/repository/org/jboss/spec/javax/ws/rs/jboss-jaxrs-api_2.1_spec/2.0.1.Final/jboss-jaxrs-api_2.1_spec-2.0.1.Final.jar:/Users/juliocastro/.m2/repository/org/jboss/spec/javax/transaction/jboss-transaction-api_1.3_spec/2.0.0.Final/jboss-transaction-api_1.3_spec-2.0.0.Final.jar:/Users/juliocastro/.m2/repository/org/jboss/resteasy/resteasy-multipart-provider/3.12.1.Final/resteasy-multipart-provider-3.12.1.Final.jar:/Users/juliocastro/.m2/repository/org/jboss/resteasy/resteasy-jaxrs/3.12.1.Final/resteasy-jaxrs-3.12.1.Final.jar:/Users/juliocastro/.m2/repository/org/jboss/spec/javax/xml/bind/jboss-jaxb-api_2.3_spec/2.0.0.Final/jboss-jaxb-api_2.3_spec-2.0.0.Final.jar:/Users/juliocastro/.m2/repository/org/jboss/spec/javax/annotation/jboss-annotations-api_1.3_spec/2.0.1.Final/jboss-annotations-api_1.3_spec-2.0.1.Final.jar:/Users/juliocastro/.m2/repository/com/github/stephenc/jcip/jcip-annotations/1.0-1/jcip-annotations-1.0-1.jar:/Users/juliocastro/.m2/repository/org/jboss/resteasy/resteasy-client/3.12.1.Final/resteasy-client-3.12.1.Final.jar:/Users/juliocastro/.m2/repository/org/jboss/resteasy/resteasy-jaxb-provider/3.12.1.Final/resteasy-jaxb-provider-3.12.1.Final.jar:/Users/juliocastro/.m2/repository/org/apache/james/apache-mime4j/0.6/apache-mime4j-0.6.jar:/Users/juliocastro/.m2/repository/com/googlecode/owasp-java-html-sanitizer/owasp-java-html-sanitizer/20191001.1/owasp-java-html-sanitizer-20191001.1.jar:/Users/juliocastro/.m2/repository/com/webauthn4j/webauthn4j-core/0.12.0.RELEASE/webauthn4j-core-0.12.0.RELEASE.jar:/Users/juliocastro/.m2/repository/com/webauthn4j/webauthn4j-util/0.12.0.RELEASE/webauthn4j-util-0.12.0.RELEASE.jar:/Users/juliocastro/.m2/repository/org/apache/kerby/kerby-asn1/2.0.0/kerby-asn1-2.0.0.jar:/Users/juliocastro/.m2/repository/com/fasterxml/jackson/dataformat/jackson-dataformat-cbor/2.10.3/jackson-dataformat-cbor-2.10.3.jar:/Users/juliocastro/.m2/repository/com/google/zxing/javase/3.4.0/javase-3.4.0.jar:/Users/juliocastro/.m2/repository/com/google/zxing/core/3.4.0/core-3.4.0.jar:/Users/juliocastro/.m2/repository/com/github/jai-imageio/jai-imageio-core/1.4.0/jai-imageio-core-1.4.0.jar:/Users/juliocastro/.m2/repository/org/keycloak/keycloak-server-spi/11.0.2/keycloak-server-spi-11.0.2.jar:/Users/juliocastro/.m2/repository/org/keycloak/keycloak-server-spi-private/11.0.2/keycloak-server-spi-private-11.0.2.jar:/Users/juliocastro/.m2/repository/com/github/ua-parser/uap-java/1.4.3/uap-java-1.4.3.jar:/Users/juliocastro/.m2/repository/org/apache/commons/commons-collections4/4.1/commons-collections4-4.1.jar:/Users/juliocastro/.m2/repository/org/keycloak/keycloak-js-adapter/11.0.2/keycloak-js-adapter-11.0.2.jar:/Users/juliocastro/.m2/repository/org/freemarker/freemarker/2.3.30/freemarker-2.3.30.jar:/Users/juliocastro/.m2/repository/org/keycloak/keycloak-themes/11.0.2/keycloak-themes-11.0.2.jar:/Users/juliocastro/.m2/repository/org/keycloak/keycloak-model-jpa/11.0.2/keycloak-model-jpa-11.0.2.jar:/Users/juliocastro/.m2/repository/org/keycloak/keycloak-model-map/11.0.2/keycloak-model-map-11.0.2.jar:/Users/juliocastro/.m2/repository/org/keycloak/keycloak-model-infinispan/11.0.2/keycloak-model-infinispan-11.0.2.jar:/Users/juliocastro/.m2/repository/org/infinispan/infinispan-core/10.1.8.Final/infinispan-core-10.1.8.Final.jar:/Users/juliocastro/.m2/repository/org/infinispan/infinispan-commons/10.1.8.Final/infinispan-commons-10.1.8.Final.jar:/Users/juliocastro/.m2/repository/org/infinispan/protostream/protostream/4.3.2.Final/protostream-4.3.2.Final.jar:/Users/juliocastro/.m2/repository/org/jgroups/jgroups/4.1.9.Final/jgroups-4.1.9.Final.jar:/Users/juliocastro/.m2/repository/com/github/ben-manes/caffeine/caffeine/2.8.1/caffeine-2.8.1.jar:/Users/juliocastro/.m2/repository/org/jboss/spec/javax/transaction/jboss-transaction-api_1.2_spec/1.1.1.Final/jboss-transaction-api_1.2_spec-1.1.1.Final.jar:/Users/juliocastro/.m2/repository/io/reactivex/rxjava2/rxjava/2.2.19/rxjava-2.2.19.jar:/Users/juliocastro/.m2/repository/org/reactivestreams/reactive-streams/1.0.3/reactive-streams-1.0.3.jar:/Users/juliocastro/.m2/repository/org/infinispan/infinispan-cachestore-remote/10.1.8.Final/infinispan-cachestore-remote-10.1.8.Final.jar:/Users/juliocastro/.m2/repository/org/infinispan/infinispan-client-hotrod/10.1.8.Final/infinispan-client-hotrod-10.1.8.Final.jar:/Users/juliocastro/.m2/repository/org/wildfly/security/wildfly-elytron-sasl-plain/1.10.4.Final/wildfly-elytron-sasl-plain-1.10.4.Final.jar:/Users/juliocastro/.m2/repository/org/wildfly/security/wildfly-elytron-auth-server/1.10.4.Final/wildfly-elytron-auth-server-1.10.4.Final.jar:/Users/juliocastro/.m2/repository/org/wildfly/security/wildfly-elytron-auth/1.10.4.Final/wildfly-elytron-auth-1.10.4.Final.jar:/Users/juliocastro/.m2/repository/org/wildfly/security/wildfly-elytron-base/1.10.4.Final/wildfly-elytron-base-1.10.4.Final.jar:/Users/juliocastro/.m2/repository/org/wildfly/security/wildfly-elytron-permission/1.10.4.Final/wildfly-elytron-permission-1.10.4.Final.jar:/Users/juliocastro/.m2/repository/org/wildfly/security/wildfly-elytron-x500/1.10.4.Final/wildfly-elytron-x500-1.10.4.Final.jar:/Users/juliocastro/.m2/repository/org/wildfly/security/wildfly-elytron-credential/1.10.4.Final/wildfly-elytron-credential-1.10.4.Final.jar:/Users/juliocastro/.m2/repository/org/wildfly/security/wildfly-elytron-asn1/1.10.4.Final/wildfly-elytron-asn1-1.10.4.Final.jar:/Users/juliocastro/.m2/repository/org/wildfly/security/wildfly-elytron-keystore/1.10.4.Final/wildfly-elytron-keystore-1.10.4.Final.jar:/Users/juliocastro/.m2/repository/org/wildfly/security/wildfly-elytron-provider-util/1.10.4.Final/wildfly-elytron-provider-util-1.10.4.Final.jar:/Users/juliocastro/.m2/repository/org/wildfly/security/wildfly-elytron-sasl/1.10.4.Final/wildfly-elytron-sasl-1.10.4.Final.jar:/Users/juliocastro/.m2/repository/org/wildfly/security/wildfly-elytron-ssl/1.10.4.Final/wildfly-elytron-ssl-1.10.4.Final.jar:/Users/juliocastro/.m2/repository/org/wildfly/security/wildfly-elytron-mechanism/1.10.4.Final/wildfly-elytron-mechanism-1.10.4.Final.jar:/Users/juliocastro/.m2/repository/org/wildfly/security/wildfly-elytron-http/1.10.4.Final/wildfly-elytron-http-1.10.4.Final.jar:/Users/juliocastro/.m2/repository/org/wildfly/common/wildfly-common/1.5.1.Final/wildfly-common-1.5.1.Final.jar:/Users/juliocastro/.m2/repository/org/wildfly/security/wildfly-elytron-sasl-digest/1.10.4.Final/wildfly-elytron-sasl-digest-1.10.4.Final.jar:/Users/juliocastro/.m2/repository/org/wildfly/security/wildfly-elytron-mechanism-digest/1.10.4.Final/wildfly-elytron-mechanism-digest-1.10.4.Final.jar:/Users/juliocastro/.m2/repository/org/wildfly/security/wildfly-elytron-util/1.10.4.Final/wildfly-elytron-util-1.10.4.Final.jar:/Users/juliocastro/.m2/repository/org/wildfly/security/wildfly-elytron-sasl-external/1.10.4.Final/wildfly-elytron-sasl-external-1.10.4.Final.jar:/Users/juliocastro/.m2/repository/org/wildfly/security/wildfly-elytron-sasl-oauth2/1.10.4.Final/wildfly-elytron-sasl-oauth2-1.10.4.Final.jar:/Users/juliocastro/.m2/repository/org/wildfly/security/wildfly-elytron-mechanism-oauth2/1.10.4.Final/wildfly-elytron-mechanism-oauth2-1.10.4.Final.jar:/Users/juliocastro/.m2/repository/org/wildfly/security/wildfly-elytron-sasl-scram/1.10.4.Final/wildfly-elytron-sasl-scram-1.10.4.Final.jar:/Users/juliocastro/.m2/repository/org/wildfly/security/wildfly-elytron-mechanism-scram/1.10.4.Final/wildfly-elytron-mechanism-scram-1.10.4.Final.jar:/Users/juliocastro/.m2/repository/io/netty/netty-handler/4.1.48.Final/netty-handler-4.1.48.Final.jar:/Users/juliocastro/.m2/repository/io/netty/netty-common/4.1.48.Final/netty-common-4.1.48.Final.jar:/Users/juliocastro/.m2/repository/io/netty/netty-resolver/4.1.48.Final/netty-resolver-4.1.48.Final.jar:/Users/juliocastro/.m2/repository/io/netty/netty-buffer/4.1.48.Final/netty-buffer-4.1.48.Final.jar:/Users/juliocastro/.m2/repository/io/netty/netty-transport/4.1.48.Final/netty-transport-4.1.48.Final.jar:/Users/juliocastro/.m2/repository/io/netty/netty-codec/4.1.48.Final/netty-codec-4.1.48.Final.jar:/Users/juliocastro/.m2/repository/io/netty/netty-transport-native-epoll/4.1.48.Final/netty-transport-native-epoll-4.1.48.Final-linux-x86_64.jar:/Users/juliocastro/.m2/repository/io/netty/netty-transport-native-unix-common/4.1.48.Final/netty-transport-native-unix-common-4.1.48.Final.jar:/Users/juliocastro/.m2/repository/com/google/code/gson/gson/2.8.6/gson-2.8.6.jar:/Users/juliocastro/.m2/repository/org/infinispan/infinispan-multimap/10.1.8.Final/infinispan-multimap-10.1.8.Final.jar:/Users/juliocastro/.m2/repository/org/infinispan/infinispan-jboss-marshalling/10.1.8.Final/infinispan-jboss-marshalling-10.1.8.Final.jar:/Users/juliocastro/.m2/repository/org/jboss/marshalling/jboss-marshalling-osgi/2.0.9.Final/jboss-marshalling-osgi-2.0.9.Final.jar:/Users/juliocastro/.m2/repository/org/wildfly/wildfly-clustering-infinispan-marshalling/20.0.1.Final/wildfly-clustering-infinispan-marshalling-20.0.1.Final.jar:/Users/juliocastro/.m2/repository/org/wildfly/wildfly-clustering-marshalling-jboss/20.0.1.Final/wildfly-clustering-marshalling-jboss-20.0.1.Final.jar:/Users/juliocastro/.m2/repository/org/wildfly/wildfly-clustering-marshalling-api/20.0.1.Final/wildfly-clustering-marshalling-api-20.0.1.Final.jar:/Users/juliocastro/.m2/repository/org/wildfly/wildfly-clustering-marshalling-spi/20.0.1.Final/wildfly-clustering-marshalling-spi-20.0.1.Final.jar:/Users/juliocastro/.m2/repository/org/wildfly/security/wildfly-elytron/1.12.1.Final/wildfly-elytron-1.12.1.Final.jar:/Users/juliocastro/.m2/repository/org/jboss/marshalling/jboss-marshalling/2.0.9.Final/jboss-marshalling-2.0.9.Final.jar:/Users/juliocastro/.m2/repository/org/jboss/modules/jboss-modules/1.10.1.Final/jboss-modules-1.10.1.Final.jar:/Users/juliocastro/.m2/repository/org/twitter4j/twitter4j-core/4.0.7/twitter4j-core-4.0.7.jar:/Users/juliocastro/.m2/repository/org/keycloak/keycloak-ldap-federation/11.0.2/keycloak-ldap-federation-11.0.2.jar:/Users/juliocastro/.m2/repository/org/keycloak/keycloak-kerberos-federation/11.0.2/keycloak-kerberos-federation-11.0.2.jar:/Users/juliocastro/.m2/repository/org/keycloak/keycloak-saml-core/11.0.2/keycloak-saml-core-11.0.2.jar:/Users/juliocastro/.m2/repository/org/keycloak/keycloak-saml-core-public/11.0.2/keycloak-saml-core-public-11.0.2.jar:/Users/juliocastro/.m2/repository/org/apache/santuario/xmlsec/2.1.4/xmlsec-2.1.4.jar:/Users/juliocastro/.m2/repository/javax/xml/bind/jaxb-api/2.3.1/jaxb-api-2.3.1.jar:/Users/juliocastro/.m2/repository/javax/activation/javax.activation-api/1.2.0/javax.activation-api-1.2.0.jar:/Users/juliocastro/.m2/repository/com/sun/xml/ws/rt/2.3.1/rt-2.3.1.jar:/Users/juliocastro/.m2/repository/javax/annotation/javax.annotation-api/1.3.2/javax.annotation-api-1.3.2.jar:/Users/juliocastro/.m2/repository/com/sun/xml/ws/policy/2.7.5/policy-2.7.5.jar:/Users/juliocastro/.m2/repository/com/sun/activation/javax.activation/1.2.0/javax.activation-1.2.0.jar:/Users/juliocastro/.m2/repository/org/glassfish/gmbal/gmbal-api-only/3.1.0-b001/gmbal-api-only-3.1.0-b001.jar:/Users/juliocastro/.m2/repository/org/glassfish/external/management-api/3.0.0-b012/management-api-3.0.0-b012.jar:/Users/juliocastro/.m2/repository/com/sun/xml/stream/buffer/streambuffer/1.5.6/streambuffer-1.5.6.jar:/Users/juliocastro/.m2/repository/org/jvnet/mimepull/mimepull/1.9.13/mimepull-1.9.13.jar:/Users/juliocastro/.m2/repository/org/codehaus/woodstox/stax2-api/4.1/stax2-api-4.1.jar:/Users/juliocastro/.m2/repository/org/glassfish/ha/ha-api/3.1.9/ha-api-3.1.9.jar:/Users/juliocastro/.m2/repository/com/sun/xml/messaging/saaj/saaj-impl/1.5.1/saaj-impl-1.5.1.jar:/Users/juliocastro/.m2/repository/jakarta/xml/soap/jakarta.xml.soap-api/1.4.2/jakarta.xml.soap-api-1.4.2.jar:/Users/juliocastro/.m2/repository/javax/xml/ws/jaxws-api/2.3.1/jaxws-api-2.3.1.jar:/Users/juliocastro/.m2/repository/javax/xml/soap/javax.xml.soap-api/1.4.0/javax.xml.soap-api-1.4.0.jar:/Users/juliocastro/.m2/repository/javax/jws/javax.jws-api/1.1/javax.jws-api-1.1.jar:/Users/juliocastro/.m2/repository/org/liquibase/liquibase-core/3.8.8/liquibase-core-3.8.8.jar:/Users/juliocastro/.m2/repository/org/keycloak/keycloak-sssd-federation/11.0.2/keycloak-sssd-federation-11.0.2.jar:/Users/juliocastro/.m2/repository/org/keycloak/keycloak-authz-policy-common/11.0.2/keycloak-authz-policy-common-11.0.2.jar:/Users/juliocastro/.m2/repository/com/openshift/openshift-restclient-java/8.0.0.Final/openshift-restclient-java-8.0.0.Final.jar:/Users/juliocastro/.m2/repository/com/squareup/okhttp3/okhttp/3.14.7/okhttp-3.14.7.jar:/Users/juliocastro/.m2/repository/com/squareup/okio/okio/1.17.2/okio-1.17.2.jar:/Users/juliocastro/.m2/repository/org/jboss/jboss-dmr/1.3.0.Final/jboss-dmr-1.3.0.Final.jar:/Users/juliocastro/.m2/repository/org/apache/commons/commons-compress/1.18/commons-compress-1.18.jar:/Users/juliocastro/.m2/repository/commons-io/commons-io/2.1/commons-io-2.1.jar:/Users/juliocastro/.m2/repository/commons-codec/commons-codec/1.13/commons-codec-1.13.jar:/Users/juliocastro/.m2/repository/commons-lang/commons-lang/2.6/commons-lang-2.6.jar:/Users/juliocastro/.m2/repository/org/springframework/boot/spring-boot-configuration-processor/2.2.6.RELEASE/spring-boot-configuration-processor-2.2.6.RELEASE.jar:/Users/juliocastro/.m2/repository/org/springframework/boot/spring-boot-starter-test/2.2.6.RELEASE/spring-boot-starter-test-2.2.6.RELEASE.jar:/Users/juliocastro/.m2/repository/org/springframework/boot/spring-boot-test/2.2.6.RELEASE/spring-boot-test-2.2.6.RELEASE.jar:/Users/juliocastro/.m2/repository/org/springframework/boot/spring-boot-test-autoconfigure/2.2.6.RELEASE/spring-boot-test-autoconfigure-2.2.6.RELEASE.jar:/Users/juliocastro/.m2/repository/com/jayway/jsonpath/json-path/2.4.0/json-path-2.4.0.jar:/Users/juliocastro/.m2/repository/net/minidev/json-smart/2.3/json-smart-2.3.jar:/Users/juliocastro/.m2/repository/net/minidev/accessors-smart/1.2/accessors-smart-1.2.jar:/Users/juliocastro/.m2/repository/org/ow2/asm/asm/5.0.4/asm-5.0.4.jar:/Users/juliocastro/.m2/repository/jakarta/xml/bind/jakarta.xml.bind-api/2.3.3/jakarta.xml.bind-api-2.3.3.jar:/Users/juliocastro/.m2/repository/org/junit/jupiter/junit-jupiter/5.5.2/junit-jupiter-5.5.2.jar:/Users/juliocastro/.m2/repository/org/junit/jupiter/junit-jupiter-api/5.5.2/junit-jupiter-api-5.5.2.jar:/Users/juliocastro/.m2/repository/org/opentest4j/opentest4j/1.2.0/opentest4j-1.2.0.jar:/Users/juliocastro/.m2/repository/org/junit/platform/junit-platform-commons/1.5.2/junit-platform-commons-1.5.2.jar:/Users/juliocastro/.m2/repository/org/junit/jupiter/junit-jupiter-params/5.5.2/junit-jupiter-params-5.5.2.jar:/Users/juliocastro/.m2/repository/org/junit/jupiter/junit-jupiter-engine/5.5.2/junit-jupiter-engine-5.5.2.jar:/Users/juliocastro/.m2/repository/org/junit/vintage/junit-vintage-engine/5.5.2/junit-vintage-engine-5.5.2.jar:/Users/juliocastro/.m2/repository/org/apiguardian/apiguardian-api/1.1.0/apiguardian-api-1.1.0.jar:/Users/juliocastro/.m2/repository/org/junit/platform/junit-platform-engine/1.5.2/junit-platform-engine-1.5.2.jar:/Users/juliocastro/.m2/repository/junit/junit/4.12/junit-4.12.jar:/Users/juliocastro/.m2/repository/org/mockito/mockito-junit-jupiter/3.1.0/mockito-junit-jupiter-3.1.0.jar:/Users/juliocastro/.m2/repository/org/assertj/assertj-core/3.13.2/assertj-core-3.13.2.jar:/Users/juliocastro/.m2/repository/org/hamcrest/hamcrest/2.1/hamcrest-2.1.jar:/Users/juliocastro/.m2/repository/org/mockito/mockito-core/3.1.0/mockito-core-3.1.0.jar:/Users/juliocastro/.m2/repository/net/bytebuddy/byte-buddy-agent/1.10.8/byte-buddy-agent-1.10.8.jar:/Users/juliocastro/.m2/repository/org/objenesis/objenesis/2.6/objenesis-2.6.jar:/Users/juliocastro/.m2/repository/org/skyscreamer/jsonassert/1.5.0/jsonassert-1.5.0.jar:/Users/juliocastro/.m2/repository/com/vaadin/external/google/android-json/0.0.20131108.vaadin1/android-json-0.0.20131108.vaadin1.jar:/Users/juliocastro/.m2/repository/org/springframework/spring-core/5.2.5.RELEASE/spring-core-5.2.5.RELEASE.jar:/Users/juliocastro/.m2/repository/org/springframework/spring-jcl/5.2.5.RELEASE/spring-jcl-5.2.5.RELEASE.jar:/Users/juliocastro/.m2/repository/org/springframework/spring-test/5.2.5.RELEASE/spring-test-5.2.5.RELEASE.jar:/Users/juliocastro/.m2/repository/org/xmlunit/xmlunit-core/2.6.4/xmlunit-core-2.6.4.jar:/Users/juliocastro/.m2/repository/io/rest-assured/rest-assured/3.3.0/rest-assured-3.3.0.jar:/Users/juliocastro/.m2/repository/org/codehaus/groovy/groovy/2.5.10/groovy-2.5.10.jar:/Users/juliocastro/.m2/repository/org/codehaus/groovy/groovy-xml/2.5.10/groovy-xml-2.5.10.jar:/Users/juliocastro/.m2/repository/org/apache/httpcomponents/httpclient/4.5.12/httpclient-4.5.12.jar:/Users/juliocastro/.m2/repository/org/apache/httpcomponents/httpcore/4.4.13/httpcore-4.4.13.jar:/Users/juliocastro/.m2/repository/org/apache/httpcomponents/httpmime/4.5.12/httpmime-4.5.12.jar:/Users/juliocastro/.m2/repository/org/hamcrest/hamcrest-core/2.1/hamcrest-core-2.1.jar:/Users/juliocastro/.m2/repository/org/hamcrest/hamcrest-library/2.1/hamcrest-library-2.1.jar:/Users/juliocastro/.m2/repository/org/ccil/cowan/tagsoup/tagsoup/1.2.1/tagsoup-1.2.1.jar:/Users/juliocastro/.m2/repository/io/rest-assured/json-path/3.3.0/json-path-3.3.0.jar:/Users/juliocastro/.m2/repository/org/codehaus/groovy/groovy-json/2.5.10/groovy-json-2.5.10.jar:/Users/juliocastro/.m2/repository/io/rest-assured/rest-assured-common/3.3.0/rest-assured-common-3.3.0.jar:/Users/juliocastro/.m2/repository/io/rest-assured/xml-path/3.3.0/xml-path-3.3.0.jar:/Users/juliocastro/.m2/repository/org/apache/commons/commons-lang3/3.9/commons-lang3-3.9.jar:/Users/juliocastro/.m2/repository/com/sun/xml/bind/jaxb-osgi/2.2.10/jaxb-osgi-2.2.10.jar:/Users/juliocastro/.m2/repository/org/apache/sling/org.apache.sling.javax.activation/0.1.0/org.apache.sling.javax.activation-0.1.0.jar:/Users/juliocastro/.m2/repository/javax/activation/activation/1.1.1/activation-1.1.1.jar:"/>
    <property name="java.vm.vendor" value="Oracle Corporation"/>
    <property name="sun.arch.data.model" value="64"/>
    <property name="java.vendor.url" value="https://java.oracle.com/"/>
    <property name="os.name" value="Mac OS X"/>
    <property name="java.vm.specification.version" value="13"/>
    <property name="sun.java.launcher" value="SUN_STANDARD"/>
    <property name="user.country" value="PT"/>
    <property name="sun.boot.library.path" value="/Library/Java/JavaVirtualMachines/jdk-13.0.2.jdk/Contents/Home/lib"/>
    <property name="sun.java.command" value="/Users/juliocastro/dev/projects/pessoal/java/oauth-authorization-server/target/surefire/surefirebooter10451924518883977222.jar /Users/juliocastro/dev/projects/pessoal/java/oauth-authorization-server/target/surefire 2021-04-11T23-47-20_440-jvmRun1 surefire6737698869709660124tmp surefire_017035981171066131379tmp"/>
    <property name="http.nonProxyHosts" value="local|*.local|169.254/16|*.169.254/16"/>
    <property name="jdk.debug" value="release"/>
    <property name="surefire.test.class.path" value="/Users/juliocastro/dev/projects/pessoal/java/oauth-authorization-server/target/test-classes:/Users/juliocastro/dev/projects/pessoal/java/oauth-authorization-server/target/classes:/Users/juliocastro/.m2/repository/org/springframework/boot/spring-boot-starter-web/2.2.6.RELEASE/spring-boot-starter-web-2.2.6.RELEASE.jar:/Users/juliocastro/.m2/repository/org/springframework/boot/spring-boot-starter/2.2.6.RELEASE/spring-boot-starter-2.2.6.RELEASE.jar:/Users/juliocastro/.m2/repository/org/springframework/boot/spring-boot/2.2.6.RELEASE/spring-boot-2.2.6.RELEASE.jar:/Users/juliocastro/.m2/repository/org/springframework/boot/spring-boot-autoconfigure/2.2.6.RELEASE/spring-boot-autoconfigure-2.2.6.RELEASE.jar:/Users/juliocastro/.m2/repository/org/springframework/boot/spring-boot-starter-logging/2.2.6.RELEASE/spring-boot-starter-logging-2.2.6.RELEASE.jar:/Users/juliocastro/.m2/repository/ch/qos/logback/logback-classic/1.2.3/logback-classic-1.2.3.jar:/Users/juliocastro/.m2/repository/ch/qos/logback/logback-core/1.2.3/logback-core-1.2.3.jar:/Users/juliocastro/.m2/repository/org/apache/logging/log4j/log4j-to-slf4j/2.12.1/log4j-to-slf4j-2.12.1.jar:/Users/juliocastro/.m2/repository/org/apache/logging/log4j/log4j-api/2.12.1/log4j-api-2.12.1.jar:/Users/juliocastro/.m2/repository/org/slf4j/jul-to-slf4j/1.7.30/jul-to-slf4j-1.7.30.jar:/Users/juliocastro/.m2/repository/jakarta/annotation/jakarta.annotation-api/1.3.5/jakarta.annotation-api-1.3.5.jar:/Users/juliocastro/.m2/repository/org/yaml/snakeyaml/1.25/snakeyaml-1.25.jar:/Users/juliocastro/.m2/repository/org/springframework/boot/spring-boot-starter-json/2.2.6.RELEASE/spring-boot-starter-json-2.2.6.RELEASE.jar:/Users/juliocastro/.m2/repository/com/fasterxml/jackson/datatype/jackson-datatype-jdk8/2.10.3/jackson-datatype-jdk8-2.10.3.jar:/Users/juliocastro/.m2/repository/com/fasterxml/jackson/datatype/jackson-datatype-jsr310/2.10.3/jackson-datatype-jsr310-2.10.3.jar:/Users/juliocastro/.m2/repository/com/fasterxml/jackson/module/jackson-module-parameter-names/2.10.3/jackson-module-parameter-names-2.10.3.jar:/Users/juliocastro/.m2/repository/org/springframework/boot/spring-boot-starter-tomcat/2.2.6.RELEASE/spring-boot-starter-tomcat-2.2.6.RELEASE.jar:/Users/juliocastro/.m2/repository/org/apache/tomcat/embed/tomcat-embed-core/9.0.33/tomcat-embed-core-9.0.33.jar:/Users/juliocastro/.m2/repository/org/apache/tomcat/embed/tomcat-embed-el/9.0.33/tomcat-embed-el-9.0.33.jar:/Users/juliocastro/.m2/repository/org/apache/tomcat/embed/tomcat-embed-websocket/9.0.33/tomcat-embed-websocket-9.0.33.jar:/Users/juliocastro/.m2/repository/org/springframework/boot/spring-boot-starter-validation/2.2.6.RELEASE/spring-boot-starter-validation-2.2.6.RELEASE.jar:/Users/juliocastro/.m2/repository/jakarta/validation/jakarta.validation-api/2.0.2/jakarta.validation-api-2.0.2.jar:/Users/juliocastro/.m2/repository/org/hibernate/validator/hibernate-validator/6.0.18.Final/hibernate-validator-6.0.18.Final.jar:/Users/juliocastro/.m2/repository/org/springframework/spring-web/5.2.5.RELEASE/spring-web-5.2.5.RELEASE.jar:/Users/juliocastro/.m2/repository/org/springframework/spring-beans/5.2.5.RELEASE/spring-beans-5.2.5.RELEASE.jar:/Users/juliocastro/.m2/repository/org/springframework/spring-webmvc/5.2.5.RELEASE/spring-webmvc-5.2.5.RELEASE.jar:/Users/juliocastro/.m2/repository/org/springframework/spring-aop/5.2.5.RELEASE/spring-aop-5.2.5.RELEASE.jar:/Users/juliocastro/.m2/repository/org/springframework/spring-context/5.2.5.RELEASE/spring-context-5.2.5.RELEASE.jar:/Users/juliocastro/.m2/repository/org/springframework/spring-expression/5.2.5.RELEASE/spring-expression-5.2.5.RELEASE.jar:/Users/juliocastro/.m2/repository/org/springframework/boot/spring-boot-starter-actuator/2.2.6.RELEASE/spring-boot-starter-actuator-2.2.6.RELEASE.jar:/Users/juliocastro/.m2/repository/org/springframework/boot/spring-boot-actuator-autoconfigure/2.2.6.RELEASE/spring-boot-actuator-autoconfigure-2.2.6.RELEASE.jar:/Users/juliocastro/.m2/repository/org/springframework/boot/spring-boot-actuator/2.2.6.RELEASE/spring-boot-actuator-2.2.6.RELEASE.jar:/Users/juliocastro/.m2/repository/io/micrometer/micrometer-core/1.3.6/micrometer-core-1.3.6.jar:/Users/juliocastro/.m2/repository/org/hdrhistogram/HdrHistogram/2.1.11/HdrHistogram-2.1.11.jar:/Users/juliocastro/.m2/repository/org/latencyutils/LatencyUtils/2.0.3/LatencyUtils-2.0.3.jar:/Users/juliocastro/.m2/repository/org/springframework/boot/spring-boot-starter-data-jpa/2.2.6.RELEASE/spring-boot-starter-data-jpa-2.2.6.RELEASE.jar:/Users/juliocastro/.m2/repository/org/springframework/boot/spring-boot-starter-aop/2.2.6.RELEASE/spring-boot-starter-aop-2.2.6.RELEASE.jar:/Users/juliocastro/.m2/repository/org/aspectj/aspectjweaver/1.9.5/aspectjweaver-1.9.5.jar:/Users/juliocastro/.m2/repository/org/springframework/boot/spring-boot-starter-jdbc/2.2.6.RELEASE/spring-boot-starter-jdbc-2.2.6.RELEASE.jar:/Users/juliocastro/.m2/repository/com/zaxxer/HikariCP/3.4.2/HikariCP-3.4.2.jar:/Users/juliocastro/.m2/repository/org/springframework/spring-jdbc/5.2.5.RELEASE/spring-jdbc-5.2.5.RELEASE.jar:/Users/juliocastro/.m2/repository/jakarta/activation/jakarta.activation-api/1.2.2/jakarta.activation-api-1.2.2.jar:/Users/juliocastro/.m2/repository/jakarta/persistence/jakarta.persistence-api/2.2.3/jakarta.persistence-api-2.2.3.jar:/Users/juliocastro/.m2/repository/jakarta/transaction/jakarta.transaction-api/1.3.3/jakarta.transaction-api-1.3.3.jar:/Users/juliocastro/.m2/repository/org/hibernate/hibernate-core/5.4.12.Final/hibernate-core-5.4.12.Final.jar:/Users/juliocastro/.m2/repository/org/javassist/javassist/3.24.0-GA/javassist-3.24.0-GA.jar:/Users/juliocastro/.m2/repository/net/bytebuddy/byte-buddy/1.10.8/byte-buddy-1.10.8.jar:/Users/juliocastro/.m2/repository/antlr/antlr/2.7.7/antlr-2.7.7.jar:/Users/juliocastro/.m2/repository/org/jboss/jandex/2.1.1.Final/jandex-2.1.1.Final.jar:/Users/juliocastro/.m2/repository/com/fasterxml/classmate/1.5.1/classmate-1.5.1.jar:/Users/juliocastro/.m2/repository/org/dom4j/dom4j/2.1.1/dom4j-2.1.1.jar:/Users/juliocastro/.m2/repository/org/hibernate/common/hibernate-commons-annotations/5.1.0.Final/hibernate-commons-annotations-5.1.0.Final.jar:/Users/juliocastro/.m2/repository/org/glassfish/jaxb/jaxb-runtime/2.3.2/jaxb-runtime-2.3.2.jar:/Users/juliocastro/.m2/repository/org/glassfish/jaxb/txw2/2.3.2/txw2-2.3.2.jar:/Users/juliocastro/.m2/repository/com/sun/istack/istack-commons-runtime/3.0.8/istack-commons-runtime-3.0.8.jar:/Users/juliocastro/.m2/repository/org/jvnet/staxex/stax-ex/1.8.1/stax-ex-1.8.1.jar:/Users/juliocastro/.m2/repository/com/sun/xml/fastinfoset/FastInfoset/1.2.16/FastInfoset-1.2.16.jar:/Users/juliocastro/.m2/repository/org/springframework/data/spring-data-jpa/2.2.6.RELEASE/spring-data-jpa-2.2.6.RELEASE.jar:/Users/juliocastro/.m2/repository/org/springframework/data/spring-data-commons/2.2.6.RELEASE/spring-data-commons-2.2.6.RELEASE.jar:/Users/juliocastro/.m2/repository/org/springframework/spring-orm/5.2.5.RELEASE/spring-orm-5.2.5.RELEASE.jar:/Users/juliocastro/.m2/repository/org/springframework/spring-tx/5.2.5.RELEASE/spring-tx-5.2.5.RELEASE.jar:/Users/juliocastro/.m2/repository/org/slf4j/slf4j-api/1.7.30/slf4j-api-1.7.30.jar:/Users/juliocastro/.m2/repository/org/springframework/spring-aspects/5.2.5.RELEASE/spring-aspects-5.2.5.RELEASE.jar:/Users/juliocastro/.m2/repository/mysql/mysql-connector-java/8.0.19/mysql-connector-java-8.0.19.jar:/Users/juliocastro/.m2/repository/org/jboss/resteasy/resteasy-jackson2-provider/3.12.1.Final/resteasy-jackson2-provider-3.12.1.Final.jar:/Users/juliocastro/.m2/repository/com/fasterxml/jackson/core/jackson-core/2.10.3/jackson-core-2.10.3.jar:/Users/juliocastro/.m2/repository/com/fasterxml/jackson/core/jackson-databind/2.10.3/jackson-databind-2.10.3.jar:/Users/juliocastro/.m2/repository/com/fasterxml/jackson/core/jackson-annotations/2.10.3/jackson-annotations-2.10.3.jar:/Users/juliocastro/.m2/repository/com/fasterxml/jackson/jaxrs/jackson-jaxrs-json-provider/2.10.3/jackson-jaxrs-json-provider-2.10.3.jar:/Users/juliocastro/.m2/repository/com/fasterxml/jackson/jaxrs/jackson-jaxrs-base/2.10.3/jackson-jaxrs-base-2.10.3.jar:/Users/juliocastro/.m2/repository/com/fasterxml/jackson/module/jackson-module-jaxb-annotations/2.10.3/jackson-module-jaxb-annotations-2.10.3.jar:/Users/juliocastro/.m2/repository/com/github/fge/json-patch/1.9/json-patch-1.9.jar:/Users/juliocastro/.m2/repository/com/github/fge/jackson-coreutils/1.6/jackson-coreutils-1.6.jar:/Users/juliocastro/.m2/repository/com/github/fge/msg-simple/1.1/msg-simple-1.1.jar:/Users/juliocastro/.m2/repository/com/github/fge/btf/1.2/btf-1.2.jar:/Users/juliocastro/.m2/repository/com/google/guava/guava/28.1-jre/guava-28.1-jre.jar:/Users/juliocastro/.m2/repository/com/google/guava/failureaccess/1.0.1/failureaccess-1.0.1.jar:/Users/juliocastro/.m2/repository/com/google/guava/listenablefuture/9999.0-empty-to-avoid-conflict-with-guava/listenablefuture-9999.0-empty-to-avoid-conflict-with-guava.jar:/Users/juliocastro/.m2/repository/org/checkerframework/checker-qual/2.8.1/checker-qual-2.8.1.jar:/Users/juliocastro/.m2/repository/org/jboss/logging/jboss-logging/3.4.1.Final/jboss-logging-3.4.1.Final.jar:/Users/juliocastro/.m2/repository/org/keycloak/keycloak-common/11.0.2/keycloak-common-11.0.2.jar:/Users/juliocastro/.m2/repository/com/sun/activation/jakarta.activation/1.2.2/jakarta.activation-1.2.2.jar:/Users/juliocastro/.m2/repository/org/keycloak/keycloak-core/11.0.2/keycloak-core-11.0.2.jar:/Users/juliocastro/.m2/repository/org/bouncycastle/bcprov-jdk15on/1.65/bcprov-jdk15on-1.65.jar:/Users/juliocastro/.m2/repository/org/bouncycastle/bcpkix-jdk15on/1.65/bcpkix-jdk15on-1.65.jar:/Users/juliocastro/.m2/repository/org/keycloak/keycloak-services/11.0.2/keycloak-services-11.0.2.jar:/Users/juliocastro/.m2/repository/com/sun/mail/jakarta.mail/1.6.5/jakarta.mail-1.6.5.jar:/Users/juliocastro/.m2/repository/org/glassfish/jakarta.json/1.1.6/jakarta.json-1.1.6.jar:/Users/juliocastro/.m2/repository/org/jboss/spec/javax/ws/rs/jboss-jaxrs-api_2.1_spec/2.0.1.Final/jboss-jaxrs-api_2.1_spec-2.0.1.Final.jar:/Users/juliocastro/.m2/repository/org/jboss/spec/javax/transaction/jboss-transaction-api_1.3_spec/2.0.0.Final/jboss-transaction-api_1.3_spec-2.0.0.Final.jar:/Users/juliocastro/.m2/repository/org/jboss/resteasy/resteasy-multipart-provider/3.12.1.Final/resteasy-multipart-provider-3.12.1.Final.jar:/Users/juliocastro/.m2/repository/org/jboss/resteasy/resteasy-jaxrs/3.12.1.Final/resteasy-jaxrs-3.12.1.Final.jar:/Users/juliocastro/.m2/repository/org/jboss/spec/javax/xml/bind/jboss-jaxb-api_2.3_spec/2.0.0.Final/jboss-jaxb-api_2.3_spec-2.0.0.Final.jar:/Users/juliocastro/.m2/repository/org/jboss/spec/javax/annotation/jboss-annotations-api_1.3_spec/2.0.1.Final/jboss-annotations-api_1.3_spec-2.0.1.Final.jar:/Users/juliocastro/.m2/repository/com/github/stephenc/jcip/jcip-annotations/1.0-1/jcip-annotations-1.0-1.jar:/Users/juliocastro/.m2/repository/org/jboss/resteasy/resteasy-client/3.12.1.Final/resteasy-client-3.12.1.Final.jar:/Users/juliocastro/.m2/repository/org/jboss/resteasy/resteasy-jaxb-provider/3.12.1.Final/resteasy-jaxb-provider-3.12.1.Final.jar:/Users/juliocastro/.m2/repository/org/apache/james/apache-mime4j/0.6/apache-mime4j-0.6.jar:/Users/juliocastro/.m2/repository/com/googlecode/owasp-java-html-sanitizer/owasp-java-html-sanitizer/20191001.1/owasp-java-html-sanitizer-20191001.1.jar:/Users/juliocastro/.m2/repository/com/webauthn4j/webauthn4j-core/0.12.0.RELEASE/webauthn4j-core-0.12.0.RELEASE.jar:/Users/juliocastro/.m2/repository/com/webauthn4j/webauthn4j-util/0.12.0.RELEASE/webauthn4j-util-0.12.0.RELEASE.jar:/Users/juliocastro/.m2/repository/org/apache/kerby/kerby-asn1/2.0.0/kerby-asn1-2.0.0.jar:/Users/juliocastro/.m2/repository/com/fasterxml/jackson/dataformat/jackson-dataformat-cbor/2.10.3/jackson-dataformat-cbor-2.10.3.jar:/Users/juliocastro/.m2/repository/com/google/zxing/javase/3.4.0/javase-3.4.0.jar:/Users/juliocastro/.m2/repository/com/google/zxing/core/3.4.0/core-3.4.0.jar:/Users/juliocastro/.m2/repository/com/github/jai-imageio/jai-imageio-core/1.4.0/jai-imageio-core-1.4.0.jar:/Users/juliocastro/.m2/repository/org/keycloak/keycloak-server-spi/11.0.2/keycloak-server-spi-11.0.2.jar:/Users/juliocastro/.m2/repository/org/keycloak/keycloak-server-spi-private/11.0.2/keycloak-server-spi-private-11.0.2.jar:/Users/juliocastro/.m2/repository/com/github/ua-parser/uap-java/1.4.3/uap-java-1.4.3.jar:/Users/juliocastro/.m2/repository/org/apache/commons/commons-collections4/4.1/commons-collections4-4.1.jar:/Users/juliocastro/.m2/repository/org/keycloak/keycloak-js-adapter/11.0.2/keycloak-js-adapter-11.0.2.jar:/Users/juliocastro/.m2/repository/org/freemarker/freemarker/2.3.30/freemarker-2.3.30.jar:/Users/juliocastro/.m2/repository/org/keycloak/keycloak-themes/11.0.2/keycloak-themes-11.0.2.jar:/Users/juliocastro/.m2/repository/org/keycloak/keycloak-model-jpa/11.0.2/keycloak-model-jpa-11.0.2.jar:/Users/juliocastro/.m2/repository/org/keycloak/keycloak-model-map/11.0.2/keycloak-model-map-11.0.2.jar:/Users/juliocastro/.m2/repository/org/keycloak/keycloak-model-infinispan/11.0.2/keycloak-model-infinispan-11.0.2.jar:/Users/juliocastro/.m2/repository/org/infinispan/infinispan-core/10.1.8.Final/infinispan-core-10.1.8.Final.jar:/Users/juliocastro/.m2/repository/org/infinispan/infinispan-commons/10.1.8.Final/infinispan-commons-10.1.8.Final.jar:/Users/juliocastro/.m2/repository/org/infinispan/protostream/protostream/4.3.2.Final/protostream-4.3.2.Final.jar:/Users/juliocastro/.m2/repository/org/jgroups/jgroups/4.1.9.Final/jgroups-4.1.9.Final.jar:/Users/juliocastro/.m2/repository/com/github/ben-manes/caffeine/caffeine/2.8.1/caffeine-2.8.1.jar:/Users/juliocastro/.m2/repository/org/jboss/spec/javax/transaction/jboss-transaction-api_1.2_spec/1.1.1.Final/jboss-transaction-api_1.2_spec-1.1.1.Final.jar:/Users/juliocastro/.m2/repository/io/reactivex/rxjava2/rxjava/2.2.19/rxjava-2.2.19.jar:/Users/juliocastro/.m2/repository/org/reactivestreams/reactive-streams/1.0.3/reactive-streams-1.0.3.jar:/Users/juliocastro/.m2/repository/org/infinispan/infinispan-cachestore-remote/10.1.8.Final/infinispan-cachestore-remote-10.1.8.Final.jar:/Users/juliocastro/.m2/repository/org/infinispan/infinispan-client-hotrod/10.1.8.Final/infinispan-client-hotrod-10.1.8.Final.jar:/Users/juliocastro/.m2/repository/org/wildfly/security/wildfly-elytron-sasl-plain/1.10.4.Final/wildfly-elytron-sasl-plain-1.10.4.Final.jar:/Users/juliocastro/.m2/repository/org/wildfly/security/wildfly-elytron-auth-server/1.10.4.Final/wildfly-elytron-auth-server-1.10.4.Final.jar:/Users/juliocastro/.m2/repository/org/wildfly/security/wildfly-elytron-auth/1.10.4.Final/wildfly-elytron-auth-1.10.4.Final.jar:/Users/juliocastro/.m2/repository/org/wildfly/security/wildfly-elytron-base/1.10.4.Final/wildfly-elytron-base-1.10.4.Final.jar:/Users/juliocastro/.m2/repository/org/wildfly/security/wildfly-elytron-permission/1.10.4.Final/wildfly-elytron-permission-1.10.4.Final.jar:/Users/juliocastro/.m2/repository/org/wildfly/security/wildfly-elytron-x500/1.10.4.Final/wildfly-elytron-x500-1.10.4.Final.jar:/Users/juliocastro/.m2/repository/org/wildfly/security/wildfly-elytron-credential/1.10.4.Final/wildfly-elytron-credential-1.10.4.Final.jar:/Users/juliocastro/.m2/repository/org/wildfly/security/wildfly-elytron-asn1/1.10.4.Final/wildfly-elytron-asn1-1.10.4.Final.jar:/Users/juliocastro/.m2/repository/org/wildfly/security/wildfly-elytron-keystore/1.10.4.Final/wildfly-elytron-keystore-1.10.4.Final.jar:/Users/juliocastro/.m2/repository/org/wildfly/security/wildfly-elytron-provider-util/1.10.4.Final/wildfly-elytron-provider-util-1.10.4.Final.jar:/Users/juliocastro/.m2/repository/org/wildfly/security/wildfly-elytron-sasl/1.10.4.Final/wildfly-elytron-sasl-1.10.4.Final.jar:/Users/juliocastro/.m2/repository/org/wildfly/security/wildfly-elytron-ssl/1.10.4.Final/wildfly-elytron-ssl-1.10.4.Final.jar:/Users/juliocastro/.m2/repository/org/wildfly/security/wildfly-elytron-mechanism/1.10.4.Final/wildfly-elytron-mechanism-1.10.4.Final.jar:/Users/juliocastro/.m2/repository/org/wildfly/security/wildfly-elytron-http/1.10.4.Final/wildfly-elytron-http-1.10.4.Final.jar:/Users/juliocastro/.m2/repository/org/wildfly/common/wildfly-common/1.5.1.Final/wildfly-common-1.5.1.Final.jar:/Users/juliocastro/.m2/repository/org/wildfly/security/wildfly-elytron-sasl-digest/1.10.4.Final/wildfly-elytron-sasl-digest-1.10.4.Final.jar:/Users/juliocastro/.m2/repository/org/wildfly/security/wildfly-elytron-mechanism-digest/1.10.4.Final/wildfly-elytron-mechanism-digest-1.10.4.Final.jar:/Users/juliocastro/.m2/repository/org/wildfly/security/wildfly-elytron-util/1.10.4.Final/wildfly-elytron-util-1.10.4.Final.jar:/Users/juliocastro/.m2/repository/org/wildfly/security/wildfly-elytron-sasl-external/1.10.4.Final/wildfly-elytron-sasl-external-1.10.4.Final.jar:/Users/juliocastro/.m2/repository/org/wildfly/security/wildfly-elytron-sasl-oauth2/1.10.4.Final/wildfly-elytron-sasl-oauth2-1.10.4.Final.jar:/Users/juliocastro/.m2/repository/org/wildfly/security/wildfly-elytron-mechanism-oauth2/1.10.4.Final/wildfly-elytron-mechanism-oauth2-1.10.4.Final.jar:/Users/juliocastro/.m2/repository/org/wildfly/security/wildfly-elytron-sasl-scram/1.10.4.Final/wildfly-elytron-sasl-scram-1.10.4.Final.jar:/Users/juliocastro/.m2/repository/org/wildfly/security/wildfly-elytron-mechanism-scram/1.10.4.Final/wildfly-elytron-mechanism-scram-1.10.4.Final.jar:/Users/juliocastro/.m2/repository/io/netty/netty-handler/4.1.48.Final/netty-handler-4.1.48.Final.jar:/Users/juliocastro/.m2/repository/io/netty/netty-common/4.1.48.Final/netty-common-4.1.48.Final.jar:/Users/juliocastro/.m2/repository/io/netty/netty-resolver/4.1.48.Final/netty-resolver-4.1.48.Final.jar:/Users/juliocastro/.m2/repository/io/netty/netty-buffer/4.1.48.Final/netty-buffer-4.1.48.Final.jar:/Users/juliocastro/.m2/repository/io/netty/netty-transport/4.1.48.Final/netty-transport-4.1.48.Final.jar:/Users/juliocastro/.m2/repository/io/netty/netty-codec/4.1.48.Final/netty-codec-4.1.48.Final.jar:/Users/juliocastro/.m2/repository/io/netty/netty-transport-native-epoll/4.1.48.Final/netty-transport-native-epoll-4.1.48.Final-linux-x86_64.jar:/Users/juliocastro/.m2/repository/io/netty/netty-transport-native-unix-common/4.1.48.Final/netty-transport-native-unix-common-4.1.48.Final.jar:/Users/juliocastro/.m2/repository/com/google/code/gson/gson/2.8.6/gson-2.8.6.jar:/Users/juliocastro/.m2/repository/org/infinispan/infinispan-multimap/10.1.8.Final/infinispan-multimap-10.1.8.Final.jar:/Users/juliocastro/.m2/repository/org/infinispan/infinispan-jboss-marshalling/10.1.8.Final/infinispan-jboss-marshalling-10.1.8.Final.jar:/Users/juliocastro/.m2/repository/org/jboss/marshalling/jboss-marshalling-osgi/2.0.9.Final/jboss-marshalling-osgi-2.0.9.Final.jar:/Users/juliocastro/.m2/repository/org/wildfly/wildfly-clustering-infinispan-marshalling/20.0.1.Final/wildfly-clustering-infinispan-marshalling-20.0.1.Final.jar:/Users/juliocastro/.m2/repository/org/wildfly/wildfly-clustering-marshalling-jboss/20.0.1.Final/wildfly-clustering-marshalling-jboss-20.0.1.Final.jar:/Users/juliocastro/.m2/repository/org/wildfly/wildfly-clustering-marshalling-api/20.0.1.Final/wildfly-clustering-marshalling-api-20.0.1.Final.jar:/Users/juliocastro/.m2/repository/org/wildfly/wildfly-clustering-marshalling-spi/20.0.1.Final/wildfly-clustering-marshalling-spi-20.0.1.Final.jar:/Users/juliocastro/.m2/repository/org/wildfly/security/wildfly-elytron/1.12.1.Final/wildfly-elytron-1.12.1.Final.jar:/Users/juliocastro/.m2/repository/org/jboss/marshalling/jboss-marshalling/2.0.9.Final/jboss-marshalling-2.0.9.Final.jar:/Users/juliocastro/.m2/repository/org/jboss/modules/jboss-modules/1.10.1.Final/jboss-modules-1.10.1.Final.jar:/Users/juliocastro/.m2/repository/org/twitter4j/twitter4j-core/4.0.7/twitter4j-core-4.0.7.jar:/Users/juliocastro/.m2/repository/org/keycloak/keycloak-ldap-federation/11.0.2/keycloak-ldap-federation-11.0.2.jar:/Users/juliocastro/.m2/repository/org/keycloak/keycloak-kerberos-federation/11.0.2/keycloak-kerberos-federation-11.0.2.jar:/Users/juliocastro/.m2/repository/org/keycloak/keycloak-saml-core/11.0.2/keycloak-saml-core-11.0.2.jar:/Users/juliocastro/.m2/repository/org/keycloak/keycloak-saml-core-public/11.0.2/keycloak-saml-core-public-11.0.2.jar:/Users/juliocastro/.m2/repository/org/apache/santuario/xmlsec/2.1.4/xmlsec-2.1.4.jar:/Users/juliocastro/.m2/repository/javax/xml/bind/jaxb-api/2.3.1/jaxb-api-2.3.1.jar:/Users/juliocastro/.m2/repository/javax/activation/javax.activation-api/1.2.0/javax.activation-api-1.2.0.jar:/Users/juliocastro/.m2/repository/com/sun/xml/ws/rt/2.3.1/rt-2.3.1.jar:/Users/juliocastro/.m2/repository/javax/annotation/javax.annotation-api/1.3.2/javax.annotation-api-1.3.2.jar:/Users/juliocastro/.m2/repository/com/sun/xml/ws/policy/2.7.5/policy-2.7.5.jar:/Users/juliocastro/.m2/repository/com/sun/activation/javax.activation/1.2.0/javax.activation-1.2.0.jar:/Users/juliocastro/.m2/repository/org/glassfish/gmbal/gmbal-api-only/3.1.0-b001/gmbal-api-only-3.1.0-b001.jar:/Users/juliocastro/.m2/repository/org/glassfish/external/management-api/3.0.0-b012/management-api-3.0.0-b012.jar:/Users/juliocastro/.m2/repository/com/sun/xml/stream/buffer/streambuffer/1.5.6/streambuffer-1.5.6.jar:/Users/juliocastro/.m2/repository/org/jvnet/mimepull/mimepull/1.9.13/mimepull-1.9.13.jar:/Users/juliocastro/.m2/repository/org/codehaus/woodstox/stax2-api/4.1/stax2-api-4.1.jar:/Users/juliocastro/.m2/repository/org/glassfish/ha/ha-api/3.1.9/ha-api-3.1.9.jar:/Users/juliocastro/.m2/repository/com/sun/xml/messaging/saaj/saaj-impl/1.5.1/saaj-impl-1.5.1.jar:/Users/juliocastro/.m2/repository/jakarta/xml/soap/jakarta.xml.soap-api/1.4.2/jakarta.xml.soap-api-1.4.2.jar:/Users/juliocastro/.m2/repository/javax/xml/ws/jaxws-api/2.3.1/jaxws-api-2.3.1.jar:/Users/juliocastro/.m2/repository/javax/xml/soap/javax.xml.soap-api/1.4.0/javax.xml.soap-api-1.4.0.jar:/Users/juliocastro/.m2/repository/javax/jws/javax.jws-api/1.1/javax.jws-api-1.1.jar:/Users/juliocastro/.m2/repository/org/liquibase/liquibase-core/3.8.8/liquibase-core-3.8.8.jar:/Users/juliocastro/.m2/repository/org/keycloak/keycloak-sssd-federation/11.0.2/keycloak-sssd-federation-11.0.2.jar:/Users/juliocastro/.m2/repository/org/keycloak/keycloak-authz-policy-common/11.0.2/keycloak-authz-policy-common-11.0.2.jar:/Users/juliocastro/.m2/repository/com/openshift/openshift-restclient-java/8.0.0.Final/openshift-restclient-java-8.0.0.Final.jar:/Users/juliocastro/.m2/repository/com/squareup/okhttp3/okhttp/3.14.7/okhttp-3.14.7.jar:/Users/juliocastro/.m2/repository/com/squareup/okio/okio/1.17.2/okio-1.17.2.jar:/Users/juliocastro/.m2/repository/org/jboss/jboss-dmr/1.3.0.Final/jboss-dmr-1.3.0.Final.jar:/Users/juliocastro/.m2/repository/org/apache/commons/commons-compress/1.18/commons-compress-1.18.jar:/Users/juliocastro/.m2/repository/commons-io/commons-io/2.1/commons-io-2.1.jar:/Users/juliocastro/.m2/repository/commons-codec/commons-codec/1.13/commons-codec-1.13.jar:/Users/juliocastro/.m2/repository/commons-lang/commons-lang/2.6/commons-lang-2.6.jar:/Users/juliocastro/.m2/repository/org/springframework/boot/spring-boot-configuration-processor/2.2.6.RELEASE/spring-boot-configuration-processor-2.2.6.RELEASE.jar:/Users/juliocastro/.m2/repository/org/springframework/boot/spring-boot-starter-test/2.2.6.RELEASE/spring-boot-starter-test-2.2.6.RELEASE.jar:/Users/juliocastro/.m2/repository/org/springframework/boot/spring-boot-test/2.2.6.RELEASE/spring-boot-test-2.2.6.RELEASE.jar:/Users/juliocastro/.m2/repository/org/springframework/boot/spring-boot-test-autoconfigure/2.2.6.RELEASE/spring-boot-test-autoconfigure-2.2.6.RELEASE.jar:/Users/juliocastro/.m2/repository/com/jayway/jsonpath/json-path/2.4.0/json-path-2.4.0.jar:/Users/juliocastro/.m2/repository/net/minidev/json-smart/2.3/json-smart-2.3.jar:/Users/juliocastro/.m2/repository/net/minidev/accessors-smart/1.2/accessors-smart-1.2.jar:/Users/juliocastro/.m2/repository/org/ow2/asm/asm/5.0.4/asm-5.0.4.jar:/Users/juliocastro/.m2/repository/jakarta/xml/bind/jakarta.xml.bind-api/2.3.3/jakarta.xml.bind-api-2.3.3.jar:/Users/juliocastro/.m2/repository/org/junit/jupiter/junit-jupiter/5.5.2/junit-jupiter-5.5.2.jar:/Users/juliocastro/.m2/repository/org/junit/jupiter/junit-jupiter-api/5.5.2/junit-jupiter-api-5.5.2.jar:/Users/juliocastro/.m2/repository/org/opentest4j/opentest4j/1.2.0/opentest4j-1.2.0.jar:/Users/juliocastro/.m2/repository/org/junit/platform/junit-platform-commons/1.5.2/junit-platform-commons-1.5.2.jar:/Users/juliocastro/.m2/repository/org/junit/jupiter/junit-jupiter-params/5.5.2/junit-jupiter-params-5.5.2.jar:/Users/juliocastro/.m2/repository/org/junit/jupiter/junit-jupiter-engine/5.5.2/junit-jupiter-engine-5.5.2.jar:/Users/juliocastro/.m2/repository/org/junit/vintage/junit-vintage-engine/5.5.2/junit-vintage-engine-5.5.2.jar:/Users/juliocastro/.m2/repository/org/apiguardian/apiguardian-api/1.1.0/apiguardian-api-1.1.0.jar:/Users/juliocastro/.m2/repository/org/junit/platform/junit-platform-engine/1.5.2/junit-platform-engine-1.5.2.jar:/Users/juliocastro/.m2/repository/junit/junit/4.12/junit-4.12.jar:/Users/juliocastro/.m2/repository/org/mockito/mockito-junit-jupiter/3.1.0/mockito-junit-jupiter-3.1.0.jar:/Users/juliocastro/.m2/repository/org/assertj/assertj-core/3.13.2/assertj-core-3.13.2.jar:/Users/juliocastro/.m2/repository/org/hamcrest/hamcrest/2.1/hamcrest-2.1.jar:/Users/juliocastro/.m2/repository/org/mockito/mockito-core/3.1.0/mockito-core-3.1.0.jar:/Users/juliocastro/.m2/repository/net/bytebuddy/byte-buddy-agent/1.10.8/byte-buddy-agent-1.10.8.jar:/Users/juliocastro/.m2/repository/org/objenesis/objenesis/2.6/objenesis-2.6.jar:/Users/juliocastro/.m2/repository/org/skyscreamer/jsonassert/1.5.0/jsonassert-1.5.0.jar:/Users/juliocastro/.m2/repository/com/vaadin/external/google/android-json/0.0.20131108.vaadin1/android-json-0.0.20131108.vaadin1.jar:/Users/juliocastro/.m2/repository/org/springframework/spring-core/5.2.5.RELEASE/spring-core-5.2.5.RELEASE.jar:/Users/juliocastro/.m2/repository/org/springframework/spring-jcl/5.2.5.RELEASE/spring-jcl-5.2.5.RELEASE.jar:/Users/juliocastro/.m2/repository/org/springframework/spring-test/5.2.5.RELEASE/spring-test-5.2.5.RELEASE.jar:/Users/juliocastro/.m2/repository/org/xmlunit/xmlunit-core/2.6.4/xmlunit-core-2.6.4.jar:/Users/juliocastro/.m2/repository/io/rest-assured/rest-assured/3.3.0/rest-assured-3.3.0.jar:/Users/juliocastro/.m2/repository/org/codehaus/groovy/groovy/2.5.10/groovy-2.5.10.jar:/Users/juliocastro/.m2/repository/org/codehaus/groovy/groovy-xml/2.5.10/groovy-xml-2.5.10.jar:/Users/juliocastro/.m2/repository/org/apache/httpcomponents/httpclient/4.5.12/httpclient-4.5.12.jar:/Users/juliocastro/.m2/repository/org/apache/httpcomponents/httpcore/4.4.13/httpcore-4.4.13.jar:/Users/juliocastro/.m2/repository/org/apache/httpcomponents/httpmime/4.5.12/httpmime-4.5.12.jar:/Users/juliocastro/.m2/repository/org/hamcrest/hamcrest-core/2.1/hamcrest-core-2.1.jar:/Users/juliocastro/.m2/repository/org/hamcrest/hamcrest-library/2.1/hamcrest-library-2.1.jar:/Users/juliocastro/.m2/repository/org/ccil/cowan/tagsoup/tagsoup/1.2.1/tagsoup-1.2.1.jar:/Users/juliocastro/.m2/repository/io/rest-assured/json-path/3.3.0/json-path-3.3.0.jar:/Users/juliocastro/.m2/repository/org/codehaus/groovy/groovy-json/2.5.10/groovy-json-2.5.10.jar:/Users/juliocastro/.m2/repository/io/rest-assured/rest-assured-common/3.3.0/rest-assured-common-3.3.0.jar:/Users/juliocastro/.m2/repository/io/rest-assured/xml-path/3.3.0/xml-path-3.3.0.jar:/Users/juliocastro/.m2/repository/org/apache/commons/commons-lang3/3.9/commons-lang3-3.9.jar:/Users/juliocastro/.m2/repository/com/sun/xml/bind/jaxb-osgi/2.2.10/jaxb-osgi-2.2.10.jar:/Users/juliocastro/.m2/repository/org/apache/sling/org.apache.sling.javax.activation/0.1.0/org.apache.sling.javax.activation-0.1.0.jar:/Users/juliocastro/.m2/repository/javax/activation/activation/1.1.1/activation-1.1.1.jar:"/>
    <property name="sun.cpu.endian" value="little"/>
    <property name="user.home" value="/Users/juliocastro"/>
    <property name="user.language" value="en"/>
    <property name="java.specification.vendor" value="Oracle Corporation"/>
    <property name="java.version.date" value="2020-01-14"/>
    <property name="java.home" value="/Library/Java/JavaVirtualMachines/jdk-13.0.2.jdk/Contents/Home"/>
    <property name="file.separator" value="/"/>
    <property name="basedir" value="/Users/juliocastro/dev/projects/pessoal/java/oauth-authorization-server"/>
    <property name="java.vm.compressedOopsMode" value="Zero based"/>
    <property name="line.separator" value="&#10;"/>
    <property name="java.specification.name" value="Java Platform API Specification"/>
    <property name="java.vm.specification.vendor" value="Oracle Corporation"/>
    <property name="surefire.real.class.path" value="/Users/juliocastro/dev/projects/pessoal/java/oauth-authorization-server/target/surefire/surefirebooter10451924518883977222.jar"/>
    <property name="sun.management.compiler" value="HotSpot 64-Bit Tiered Compilers"/>
    <property name="ftp.nonProxyHosts" value="local|*.local|169.254/16|*.169.254/16"/>
    <property name="java.runtime.version" value="13.0.2+8"/>
    <property name="user.name" value="juliocastro"/>
    <property name="path.separator" value=":"/>
    <property name="os.version" value="10.16"/>
    <property name="java.runtime.name" value="Java(TM) SE Runtime Environment"/>
    <property name="file.encoding" value="UTF-8"/>
    <property name="java.vm.name" value="Java HotSpot(TM) 64-Bit Server VM"/>
    <property name="localRepository" value="/Users/juliocastro/.m2/repository"/>
    <property name="java.vendor.url.bug" value="https://bugreport.java.com/bugreport/"/>
    <property name="java.io.tmpdir" value="/var/folders/2x/1b2svgd5189fy23k13zw06ym0000gp/T/"/>
    <property name="java.version" value="13.0.2"/>
    <property name="user.dir" value="/Users/juliocastro/dev/projects/pessoal/java/oauth-authorization-server"/>
    <property name="os.arch" value="x86_64"/>
    <property name="java.vm.specification.name" value="Java Virtual Machine Specification"/>
    <property name="java.library.path" value="/Users/juliocastro/Library/Java/Extensions:/Library/Java/Extensions:/Network/Library/Java/Extensions:/System/Library/Java/Extensions:/usr/lib/java:."/>
    <property name="java.vm.info" value="mixed mode, sharing"/>
    <property name="java.vendor" value="Oracle Corporation"/>
    <property name="java.vm.version" value="13.0.2+8"/>
    <property name="sun.io.unicode.encoding" value="UnicodeBig"/>
    <property name="socksNonProxyHosts" value="local|*.local|169.254/16|*.169.254/16"/>
    <property name="java.class.version" value="57.0"/>
  </properties>
  <testcase name="whenLoadApplication_thenSuccess" classname="com.juliocastro.auth.ContextIntegrationTest" time="0.391"/>
</testsuite>